Serverless: Packaging service...
Serverless: Excluding development dependencies...
Serverless: Uploading CloudFormation file to S3...
Serverless: Uploading artifacts...
Serverless: Uploading service .zip file to S3 (735 B)...
Serverless: Validating template...
Serverless: Updating Stack...
Serverless: Checking Stack update progress...
...........................
Serverless: Stack update finished...
Service Information
service: myService
stage: dev
region: us-east-1
stack: myService-dev
api keys:
  None
endpoints:
  GET - https://kncc9dle5d.execute-api.us-east-1.amazonaws.com/dev/hello
functions:
  hello: myService-dev-hello
